<?xml version="1.0" encoding="UTF-8"?>
<!-- Generated by org.testng.reporters.JUnitXMLReporter -->
<testsuite hostname="Niralyan-PC" ignored="2" name="Test" tests="1" failures="1" timestamp="2020-02-27T10:47:56 IST" time="12.433" errors="0">
  <testcase name="browserTest" time="12.371" classname="ParameterizationTest.BrowserParamater">
    <failure type="java.lang.AssertionError" message="expected [Google] but found [Googletest]">
      <![CDATA[java.lang.AssertionError: expected [Google] but found [Googletest]
at ParameterizationTest.BrowserParamater.browserTest(BrowserParamater.java:32)
at java.util.ArrayList.forEach(Unknown Source)
... Removed 32 stack frames]]>
    </failure>
  </testcase> <!-- browserTest -->
  <testcase name="userTest1" time="0.0" classname="ParameterizationTest.BrowserParamater">
    <ignored/>
  </testcase> <!-- userTest1 -->
  <testcase name="userTest" time="0.0" classname="ParameterizationTest.BrowserParamater">
    <ignored/>
  </testcase> <!-- userTest -->
</testsuite> <!-- Test -->
